$ storybook build --output-dir C:\Users\z004z95d\AppData\Local\Temp\chromatic--16312-rCYxGUqC0G3a
@storybook/cli v7.6.6

info => Cleaning outputDir: C:\Users\z004z95d\AppData\Local\Temp\chromatic--16312-rCYxGUqC0G3a
info => Loading presets
info => Building manager..
info => Manager built (978 ms)
info => Building preview..
info => Copying static files: C:\Users\z004z95d\Desktop\chromatic1\node_modules\@storybook\manager\static at C:\Users\z004z95d\AppData\Local\Temp\chromatic--16312-rCYxGUqC0G3a\sb-common-assets
WARN No story files found for the specified pattern: src\**\*.mdx
[36mvite v4.5.0 [32mbuilding for production...[36m[39m
transforming...
info => Copying static files: C:\Users\z004z95d\Desktop\chromatic1\public at C:\Users\z004z95d\AppData\Local\Temp\chromatic--16312-rCYxGUqC0G3a\
[32m✓[39m 574 modules transformed.
rendering chunks...
computing gzip size...
[2m../../AppData/Local/Temp/chromatic--16312-rCYxGUqC0G3a/[22m[32miframe.html                                    [39m[1m[2m 12.79 kB[22m[1m[22m[2m │ gzip:   3.59 kB[22m
[2m../../AppData/Local/Temp/chromatic--16312-rCYxGUqC0G3a/[22m[36massets/preview-1e5c59db.js                     [39m[1m[2m  0.15 kB[22m[1m[22m[2m │ gzip:   0.15 kB[22m
[2m../../AppData/Local/Temp/chromatic--16312-rCYxGUqC0G3a/[22m[36massets/WithTooltip-V3YHNWJZ-c4275c53.js        [39m[1m[2m  0.39 kB[22m[1m[22m[2m │ gzip:   0.25 kB[22m
[2m../../AppData/Local/Temp/chromatic--16312-rCYxGUqC0G3a/[22m[36massets/syntaxhighlighter-V7JZZA35-c2359d03.js  [39m[1m[2m  0.40 kB[22m[1m[22m[2m │ gzip:   0.27 kB[22m
[2m../../AppData/Local/Temp/chromatic--16312-rCYxGUqC0G3a/[22m[36massets/preview-9fe48057.js                     [39m[1m[2m  0.47 kB[22m[1m[22m[2m │ gzip:   0.31 kB[22m
[2m../../AppData/Local/Temp/chromatic--16312-rCYxGUqC0G3a/[22m[36massets/index-3fd0d1ea.js                       [39m[1m[2m  0.58 kB[22m[1m[22m[2m │ gzip:   0.35 kB[22m
[2m../../AppData/Local/Temp/chromatic--16312-rCYxGUqC0G3a/[22m[36massets/preview-2ff2accb.js                     [39m[1m[2m  0.64 kB[22m[1m[22m[2m │ gzip:   0.45 kB[22m
[2m../../AppData/Local/Temp/chromatic--16312-rCYxGUqC0G3a/[22m[36massets/_commonjsHelpers-de833af9.js            [39m[1m[2m  0.69 kB[22m[1m[22m[2m │ gzip:   0.38 kB[22m
[2m../../AppData/Local/Temp/chromatic--16312-rCYxGUqC0G3a/[22m[36massets/index-356e4a49.js                       [39m[1m[2m  0.77 kB[22m[1m[22m[2m │ gzip:   0.47 kB[22m
[2m../../AppData/Local/Temp/chromatic--16312-rCYxGUqC0G3a/[22m[36massets/index-8d47fad6.js                       [39m[1m[2m  0.80 kB[22m[1m[22m[2m │ gzip:   0.52 kB[22m
[2m../../AppData/Local/Temp/chromatic--16312-rCYxGUqC0G3a/[22m[36massets/preview-0ef86afd.js                     [39m[1m[2m  0.86 kB[22m[1m[22m[2m │ gzip:   0.55 kB[22m
[2m../../AppData/Local/Temp/chromatic--16312-rCYxGUqC0G3a/[22m[36massets/jsx-runtime-ffb262ed.js                 [39m[1m[2m  0.92 kB[22m[1m[22m[2m │ gzip:   0.58 kB[22m
[2m../../AppData/Local/Temp/chromatic--16312-rCYxGUqC0G3a/[22m[36massets/Button.stories-897888ee.js              [39m[1m[2m  1.09 kB[22m[1m[22m[2m │ gzip:   0.57 kB[22m
[2m../../AppData/Local/Temp/chromatic--16312-rCYxGUqC0G3a/[22m[36massets/entry-preview-fb6629d6.js               [39m[1m[2m  1.12 kB[22m[1m[22m[2m │ gzip:   0.66 kB[22m
[2m../../AppData/Local/Temp/chromatic--16312-rCYxGUqC0G3a/[22m[36massets/index-1b441bc2.js                       [39m[1m[2m  2.59 kB[22m[1m[22m[2m │ gzip:   1.26 kB[22m
[2m../../AppData/Local/Temp/chromatic--16312-rCYxGUqC0G3a/[22m[36massets/preview-30b54f76.js                     [39m[1m[2m  3.21 kB[22m[1m[22m[2m │ gzip:   1.37 kB[22m
[2m../../AppData/Local/Temp/chromatic--16312-rCYxGUqC0G3a/[22m[36massets/iframe-44b07992.js                      [39m[1m[2m  4.09 kB[22m[1m[22m[2m │ gzip:   1.57 kB[22m
[2m../../AppData/Local/Temp/chromatic--16312-rCYxGUqC0G3a/[22m[36massets/preview-d01b88e8.js                     [39m[1m[2m  5.23 kB[22m[1m[22m[2m │ gzip:   2.41 kB[22m
[2m../../AppData/Local/Temp/chromatic--16312-rCYxGUqC0G3a/[22m[36massets/index-76fb7be0.js                       [39m[1m[2m  7.16 kB[22m[1m[22m[2m │ gzip:   2.91 kB[22m
[2m../../AppData/Local/Temp/chromatic--16312-rCYxGUqC0G3a/[22m[36massets/preview-da31036b.js                     [39m[1m[2m  7.62 kB[22m[1m[22m[2m │ gzip:   1.55 kB[22m
[2m../../AppData/Local/Temp/chromatic--16312-rCYxGUqC0G3a/[22m[36massets/preview-c56bf6ac.js                     [39m[1m[2m  8.28 kB[22m[1m[22m[2m │ gzip:   3.17 kB[22m
[2m../../AppData/Local/Temp/chromatic--16312-rCYxGUqC0G3a/[22m[36massets/Color-6VNJS4EI-c08c41fd.js              [39m[1m[2m 31.00 kB[22m[1m[22m[2m │ gzip:  11.74 kB[22m
[2m../../AppData/Local/Temp/chromatic--16312-rCYxGUqC0G3a/[22m[36massets/CommentList.stories-6acc8851.js         [39m[1m[2m 31.90 kB[22m[1m[22m[2m │ gzip:  12.03 kB[22m
[2m../../AppData/Local/Temp/chromatic--16312-rCYxGUqC0G3a/[22m[36massets/preview-21802b0a.js                     [39m[1m[2m 72.07 kB[22m[1m[22m[2m │ gzip:  24.41 kB[22m
[2m../../AppData/Local/Temp/chromatic--16312-rCYxGUqC0G3a/[22m[36massets/_getPrototype-1e53b583.js               [39m[1m[2m 78.40 kB[22m[1m[22m[2m │ gzip:  23.54 kB[22m
[2m../../AppData/Local/Temp/chromatic--16312-rCYxGUqC0G3a/[22m[36massets/react-18-236157c6.js                    [39m[1m[2m134.55 kB[22m[1m[22m[2m │ gzip:  43.45 kB[22m
[2m../../AppData/Local/Temp/chromatic--16312-rCYxGUqC0G3a/[22m[36massets/entry-preview-docs-17bdf6ae.js          [39m[1m[2m212.41 kB[22m[1m[22m[2m │ gzip:  66.48 kB[22m
[2m../../AppData/Local/Temp/chromatic--16312-rCYxGUqC0G3a/[22m[36massets/DocsRenderer-NNNQARDV-4087dc7b.js       [39m[1m[33m537.24 kB[39m[22m[2m │ gzip: 175.76 kB[22m
[2m../../AppData/Local/Temp/chromatic--16312-rCYxGUqC0G3a/[22m[36massets/formatter-SWP5E3XI-5bb00be4.js          [39m[1m[33m601.59 kB[39m[22m[2m │ gzip: 186.23 kB[22m
[32m✓ built in 24.64s[39m
info => Preview built (27 s)
info => Output directory: C:\Users\z004z95d\AppData\Local\Temp\chromatic--16312-rCYxGUqC0G3a
